[INFO ]2023-01-16 00:55:43.142 [main]TestBase-user sends request with BaseURL
[INFO ]2023-01-16 00:55:44.212 [main]TestBase-User sends request with endpoint/allPrograms
[INFO ]2023-01-16 00:55:44.248 [main]TestBase-user sends request with BaseURL
[INFO ]2023-01-16 00:55:44.249 [main]TestBase-POST request with endpointnull/saveprogram
[INFO ]2023-01-16 00:55:44.270 [main]TestBase-user sends request with BaseURL
[INFO ]2023-01-16 00:55:44.271 [main]TestBase-POST request with endpointnull/saveprogram
[INFO ]2023-01-16 00:55:44.288 [main]TestBase-user sends request with BaseURL
[INFO ]2023-01-16 00:55:44.291 [main]TestBase-DELETE request with endpoint:null/deletebyprogid/0
[ERROR]2023-01-16 00:55:44.326 [main]TestBase-DELETE Request not successful: 200
[INFO ]2023-01-16 00:55:44.343 [main]TestBase-user sends request with BaseURL
[INFO ]2023-01-16 00:55:44.346 [main]TestBase-DELETE request with endpoint:null/deletebyprogname/null
[ERROR]2023-01-16 00:55:44.371 [main]TestBase-DELETE Request not successful: 200
[INFO ]2023-01-16 00:57:32.970 [main]TestBase-user sends request with BaseURL
[INFO ]2023-01-16 00:57:33.839 [main]TestBase-User sends request with endpoint/allPrograms
[INFO ]2023-01-16 00:57:33.865 [main]TestBase-user sends request with BaseURL
[INFO ]2023-01-16 00:57:33.868 [main]TestBase-POST request with endpointnull/saveprogram
[INFO ]2023-01-16 00:57:35.090 [main]TestBase-user sends request with BaseURL
[INFO ]2023-01-16 00:57:35.091 [main]TestBase-POST request with endpointnull/saveprogram
[INFO ]2023-01-16 00:57:35.178 [main]TestBase-user sends request with BaseURL
[INFO ]2023-01-16 00:57:35.178 [main]TestBase-DELETE request with endpoint:null/deletebyprogid/0
[ERROR]2023-01-16 00:57:35.197 [main]TestBase-DELETE Request not successful: 200
[INFO ]2023-01-16 00:57:35.203 [main]TestBase-user sends request with BaseURL
[INFO ]2023-01-16 00:57:35.203 [main]TestBase-DELETE request with endpoint:null/deletebyprogname/null
[ERROR]2023-01-16 00:57:35.215 [main]TestBase-DELETE Request not successful: 200
[INFO ]2023-01-16 00:59:43.082 [main]TestBase-user sends request with BaseURL
[INFO ]2023-01-16 00:59:44.144 [main]TestBase-User sends request with endpoint/allPrograms
[INFO ]2023-01-16 00:59:44.169 [main]TestBase-user sends request with BaseURL
[INFO ]2023-01-16 00:59:44.169 [main]TestBase-POST request with endpointnull/saveprogram
[INFO ]2023-01-16 00:59:44.838 [main]TestBase-user sends request with BaseURL
[INFO ]2023-01-16 00:59:44.838 [main]TestBase-POST request with endpointnull/saveprogram
[INFO ]2023-01-16 00:59:44.920 [main]TestBase-user sends request with BaseURL
[INFO ]2023-01-16 00:59:44.922 [main]TestBase-DELETE request with endpoint:null/deletebyprogid/0
[ERROR]2023-01-16 00:59:44.938 [main]TestBase-DELETE Request not successful: 200
[INFO ]2023-01-16 00:59:44.947 [main]TestBase-user sends request with BaseURL
[INFO ]2023-01-16 00:59:44.948 [main]TestBase-DELETE request with endpoint:null/deletebyprogname/null
[ERROR]2023-01-16 00:59:44.965 [main]TestBase-DELETE Request not successful: 200
[INFO ]2023-01-16 01:01:55.459 [main]TestBase-user sends request with BaseURL
[INFO ]2023-01-16 01:01:56.305 [main]TestBase-User sends request with endpoint/allPrograms
[INFO ]2023-01-16 01:01:56.324 [main]TestBase-user sends request with BaseURL
[INFO ]2023-01-16 01:01:56.325 [main]TestBase-POST request with endpointnull/saveprogram
[INFO ]2023-01-16 01:01:56.979 [main]TestBase-user sends request with BaseURL
[INFO ]2023-01-16 01:01:56.980 [main]TestBase-POST request with endpointnull/saveprogram
[INFO ]2023-01-16 01:01:57.061 [main]TestBase-user sends request with BaseURL
[INFO ]2023-01-16 01:01:57.062 [main]TestBase-DELETE request with endpoint:null/deletebyprogid/0
[ERROR]2023-01-16 01:01:57.080 [main]TestBase-DELETE Request not successful: 200
[INFO ]2023-01-16 01:01:57.092 [main]TestBase-user sends request with BaseURL
[INFO ]2023-01-16 01:01:57.093 [main]TestBase-DELETE request with endpoint:null/deletebyprogname/null
[ERROR]2023-01-16 01:01:57.121 [main]TestBase-DELETE Request not successful: 200
[INFO ]2023-01-16 01:02:19.452 [main]TestBase-user sends request with BaseURL
[INFO ]2023-01-16 01:02:20.735 [main]TestBase-User sends request with endpoint/allPrograms
[INFO ]2023-01-16 01:02:21.645 [main]TestBase-Get validation code of GetAllProgram: 200
[INFO ]2023-01-16 01:02:21.656 [main]TestBase-user sends request with BaseURL
[INFO ]2023-01-16 01:02:21.657 [main]TestBase-POST request with endpointhttps://lms-backend-service.herokuapp.com/lms/saveprogram
[INFO ]2023-01-16 01:02:23.002 [main]TestBase-user sends request with BaseURL
[INFO ]2023-01-16 01:02:23.004 [main]TestBase-POST request with endpointhttps://lms-backend-service.herokuapp.com/lms/saveprogram
[INFO ]2023-01-16 01:02:23.239 [main]TestBase-All required details send  
[INFO ]2023-01-16 01:02:23.240 [main]TestBase-Created: 201
[INFO ]2023-01-16 01:02:23.249 [main]TestBase-user sends request with BaseURL
[INFO ]2023-01-16 01:02:23.249 [main]TestBase-DELETE request with endpoint:https://lms-backend-service.herokuapp.com/lms/deletebyprogid/0
[ERROR]2023-01-16 01:02:25.656 [main]TestBase-DELETE Request not successful: 200
[INFO ]2023-01-16 01:02:25.664 [main]TestBase-user sends request with BaseURL
[INFO ]2023-01-16 01:02:25.665 [main]TestBase-DELETE request with endpoint:https://lms-backend-service.herokuapp.com/lms/deletebyprogname/NinjaSpar
[INFO ]2023-01-16 01:02:26.423 [main]TestBase-DELETE Request successful: 200
[INFO ]2023-01-16 01:06:53.907 [main]TestBase-user sends request with BaseURL
[INFO ]2023-01-16 01:07:03.407 [main]TestBase-User sends request with endpoint/allPrograms
[INFO ]2023-01-16 01:07:04.068 [main]TestBase-Get validation code of GetAllProgram: 200
[INFO ]2023-01-16 01:07:04.076 [main]TestBase-user sends request with BaseURL
[INFO ]2023-01-16 01:07:04.077 [main]TestBase-POST request with endpointhttps://lms-backend-service.herokuapp.com/lms/saveprogram
[INFO ]2023-01-16 01:07:07.243 [main]TestBase-user sends request with BaseURL
[INFO ]2023-01-16 01:07:07.246 [main]TestBase-POST request with endpointhttps://lms-backend-service.herokuapp.com/lms/saveprogram
[INFO ]2023-01-16 01:07:08.243 [main]TestBase-All required details send  
[INFO ]2023-01-16 01:07:08.245 [main]TestBase-Created: 201
[INFO ]2023-01-16 01:07:08.255 [main]TestBase-user sends request with BaseURL
[INFO ]2023-01-16 01:07:08.256 [main]TestBase-DELETE request with endpoint:https://lms-backend-service.herokuapp.com/lms/deletebyprogid/0
[ERROR]2023-01-16 01:07:09.213 [main]TestBase-DELETE Request not successful: 200
[INFO ]2023-01-16 01:07:09.217 [main]TestBase-user sends request with BaseURL
[INFO ]2023-01-16 01:07:09.218 [main]TestBase-DELETE request with endpoint:https://lms-backend-service.herokuapp.com/lms/deletebyprogname/NinjaSparrr
[INFO ]2023-01-16 01:07:10.028 [main]TestBase-DELETE Request successful: 200
[INFO ]2023-01-16 01:10:48.683 [main]TestBase-user sends request with BaseURL
[INFO ]2023-01-16 01:10:51.229 [main]TestBase-User sends request with endpoint/allPrograms
[INFO ]2023-01-16 01:10:52.009 [main]TestBase-Get validation code of GetAllProgram: 200
[INFO ]2023-01-16 01:10:52.022 [main]TestBase-user sends request with BaseURL
[INFO ]2023-01-16 01:10:52.023 [main]TestBase-POST request with endpointhttps://lms-backend-service.herokuapp.com/lms/saveprogram
[INFO ]2023-01-16 01:10:54.708 [main]TestBase-user sends request with BaseURL
[INFO ]2023-01-16 01:10:54.709 [main]TestBase-POST request with endpointhttps://lms-backend-service.herokuapp.com/lms/saveprogram
[INFO ]2023-01-16 01:10:55.697 [main]TestBase-All required details send  
[INFO ]2023-01-16 01:10:55.699 [main]TestBase-Created: 201
[INFO ]2023-01-16 01:10:55.707 [main]TestBase-user sends request with BaseURL
[INFO ]2023-01-16 01:10:55.707 [main]TestBase-DELETE request with endpoint:https://lms-backend-service.herokuapp.com/lms/deletebyprogid/5280
[INFO ]2023-01-16 01:10:57.061 [main]TestBase-DELETE Request successful: 200
[INFO ]2023-01-16 01:10:57.069 [main]TestBase-user sends request with BaseURL
[INFO ]2023-01-16 01:10:57.070 [main]TestBase-DELETE request with endpoint:https://lms-backend-service.herokuapp.com/lms/deletebyprogname/NinjaSparrree
[ERROR]2023-01-16 01:10:57.778 [main]TestBase-DELETE Request not successful: 200
[INFO ]2023-01-16 01:15:15.830 [main]TestBase-user sends request with BaseURL
[INFO ]2023-01-16 01:15:18.076 [main]TestBase-User sends request with endpoint/allPrograms
[INFO ]2023-01-16 01:15:18.926 [main]TestBase-Get validation code of GetAllProgram: 200
[INFO ]2023-01-16 01:15:18.937 [main]TestBase-user sends request with BaseURL
[INFO ]2023-01-16 01:15:18.938 [main]TestBase-POST request with endpointhttps://lms-backend-service.herokuapp.com/lms/saveprogram
[INFO ]2023-01-16 01:15:20.322 [main]TestBase-All required details send  
[INFO ]2023-01-16 01:15:20.325 [main]TestBase-Created: 201
[INFO ]2023-01-16 01:15:20.331 [main]TestBase-user sends request with BaseURL
[INFO ]2023-01-16 01:15:20.332 [main]TestBase-POST request with endpointhttps://lms-backend-service.herokuapp.com/lms/saveprogram
[INFO ]2023-01-16 01:15:21.891 [main]TestBase-All required details send  
[INFO ]2023-01-16 01:15:21.892 [main]TestBase-Created: 201
[INFO ]2023-01-16 01:15:21.899 [main]TestBase-user sends request with BaseURL
[INFO ]2023-01-16 01:15:21.901 [main]TestBase-DELETE request with endpoint:https://lms-backend-service.herokuapp.com/lms/deletebyprogid/5286
[INFO ]2023-01-16 01:15:22.603 [main]TestBase-DELETE Request successful: 200
[INFO ]2023-01-16 01:15:22.611 [main]TestBase-user sends request with BaseURL
[INFO ]2023-01-16 01:15:22.612 [main]TestBase-DELETE request with endpoint:https://lms-backend-service.herokuapp.com/lms/deletebyprogname/Jan23-NinjaSpark-8624174384
[ERROR]2023-01-16 01:15:23.304 [main]TestBase-DELETE Request not successful: 200
[INFO ]2023-01-16 01:17:16.390 [main]TestBase-user sends request with BaseURL
[INFO ]2023-01-16 01:17:18.250 [main]TestBase-User sends request with endpoint/allPrograms
[INFO ]2023-01-16 01:17:19.052 [main]TestBase-Get validation code of GetAllProgram: 200
[INFO ]2023-01-16 01:17:19.058 [main]TestBase-user sends request with BaseURL
[INFO ]2023-01-16 01:17:19.059 [main]TestBase-POST request with endpointhttps://lms-backend-service.herokuapp.com/lms/saveprogram
[INFO ]2023-01-16 01:17:21.176 [main]TestBase-All required details send  
[INFO ]2023-01-16 01:17:21.179 [main]TestBase-Created: 201
[INFO ]2023-01-16 01:17:21.192 [main]TestBase-user sends request with BaseURL
[INFO ]2023-01-16 01:17:21.196 [main]TestBase-POST request with endpointhttps://lms-backend-service.herokuapp.com/lms/saveprogram
[INFO ]2023-01-16 01:17:21.463 [main]TestBase-All required details send  
[INFO ]2023-01-16 01:17:21.466 [main]TestBase-Created: 201
[INFO ]2023-01-16 01:17:21.473 [main]TestBase-user sends request with BaseURL
[INFO ]2023-01-16 01:17:21.474 [main]TestBase-DELETE request with endpoint:https://lms-backend-service.herokuapp.com/lms/deletebyprogid/5292
[INFO ]2023-01-16 01:17:21.626 [main]TestBase-DELETE Request successful: 200
[INFO ]2023-01-16 01:17:21.630 [main]TestBase-user sends request with BaseURL
[INFO ]2023-01-16 01:17:21.630 [main]TestBase-DELETE request with endpoint:https://lms-backend-service.herokuapp.com/lms/deletebyprogname/Jan23-NinjaSpark-5581216376
[ERROR]2023-01-16 01:17:21.776 [main]TestBase-DELETE Request not successful: 200
[INFO ]2023-01-16 01:20:45.338 [main]TestBase-user sends request with BaseURL
[INFO ]2023-01-16 01:20:47.965 [main]TestBase-User sends request with endpoint/allPrograms
[INFO ]2023-01-16 01:20:48.770 [main]TestBase-Get validation code of GetAllProgram: 200
[INFO ]2023-01-16 01:20:48.781 [main]TestBase-user sends request with BaseURL
[INFO ]2023-01-16 01:20:48.781 [main]TestBase-POST request with endpointhttps://lms-backend-service.herokuapp.com/lms/saveprogram
[INFO ]2023-01-16 01:20:50.184 [main]TestBase-All required details send  
[INFO ]2023-01-16 01:20:50.186 [main]TestBase-Created: 201
[INFO ]2023-01-16 01:20:50.193 [main]TestBase-user sends request with BaseURL
[INFO ]2023-01-16 01:20:50.195 [main]TestBase-POST request with endpointhttps://lms-backend-service.herokuapp.com/lms/saveprogram
[INFO ]2023-01-16 01:20:50.444 [main]TestBase-All required details send  
[INFO ]2023-01-16 01:20:50.446 [main]TestBase-Created: 201
[INFO ]2023-01-16 01:20:50.456 [main]TestBase-user sends request with BaseURL
[INFO ]2023-01-16 01:20:50.457 [main]TestBase-DELETE request with endpoint:https://lms-backend-service.herokuapp.com/lms/deletebyprogid/5302
[INFO ]2023-01-16 01:20:50.628 [main]TestBase-user sends request with BaseURL
[INFO ]2023-01-16 01:20:50.629 [main]TestBase-DELETE request with endpoint:https://lms-backend-service.herokuapp.com/lms/deletebyprogname/Jan23-NinjaSpark-7461667337
[ERROR]2023-01-16 01:20:50.784 [main]TestBase-DELETE Request not successful: 200
[INFO ]2023-01-16 01:26:45.229 [main]TestBase-user sends request with BaseURL
[INFO ]2023-01-16 01:26:48.105 [main]TestBase-User sends request with endpoint/allPrograms
[INFO ]2023-01-16 01:26:48.872 [main]TestBase-Get validation code of GetAllProgram: 200
[INFO ]2023-01-16 01:26:48.885 [main]TestBase-user sends request with BaseURL
[INFO ]2023-01-16 01:26:48.885 [main]TestBase-POST request with endpointhttps://lms-backend-service.herokuapp.com/lms/saveprogram
[INFO ]2023-01-16 01:26:51.103 [main]TestBase-All required details send  
[INFO ]2023-01-16 01:26:51.113 [main]TestBase-Created: 201
[INFO ]2023-01-16 01:26:51.126 [main]TestBase-user sends request with BaseURL
[INFO ]2023-01-16 01:26:51.126 [main]TestBase-POST request with endpointhttps://lms-backend-service.herokuapp.com/lms/saveprogram
[INFO ]2023-01-16 01:26:52.131 [main]TestBase-All required details send  
[INFO ]2023-01-16 01:26:52.134 [main]TestBase-Created: 201
[INFO ]2023-01-16 01:26:52.147 [main]TestBase-user sends request with BaseURL
[INFO ]2023-01-16 01:26:52.148 [main]TestBase-DELETE request with endpoint:https://lms-backend-service.herokuapp.com/lms/deletebyprogid/5308
[INFO ]2023-01-16 01:26:53.812 [main]TestBase-user sends request with BaseURL
[INFO ]2023-01-16 01:26:53.812 [main]TestBase-DELETE request with endpoint:https://lms-backend-service.herokuapp.com/lms/deletebyprogname/Jan23-NinjaSpark-2535424480
[ERROR]2023-01-16 01:26:54.662 [main]TestBase-DELETE Request not successful: 400
[INFO ]2023-01-16 01:29:46.469 [main]TestBase-user sends request with BaseURL
[INFO ]2023-01-16 01:29:48.085 [main]TestBase-User sends request with endpoint/allPrograms
[INFO ]2023-01-16 01:29:48.915 [main]TestBase-Get validation code of GetAllProgram: 200
[INFO ]2023-01-16 01:29:48.921 [main]TestBase-user sends request with BaseURL
[INFO ]2023-01-16 01:29:48.922 [main]TestBase-POST request with endpointhttps://lms-backend-service.herokuapp.com/lms/saveprogram
[INFO ]2023-01-16 01:29:50.295 [main]TestBase-All required details send  
[INFO ]2023-01-16 01:29:50.298 [main]TestBase-Created: 201
[INFO ]2023-01-16 01:29:50.306 [main]TestBase-user sends request with BaseURL
[INFO ]2023-01-16 01:29:50.308 [main]TestBase-POST request with endpointhttps://lms-backend-service.herokuapp.com/lms/saveprogram
[INFO ]2023-01-16 01:29:50.564 [main]TestBase-All required details send  
[INFO ]2023-01-16 01:29:50.567 [main]TestBase-Created: 201
[INFO ]2023-01-16 01:29:50.577 [main]TestBase-user sends request with BaseURL
[INFO ]2023-01-16 01:29:50.578 [main]TestBase-DELETE request with endpoint:https://lms-backend-service.herokuapp.com/lms/deletebyprogid/5316
[INFO ]2023-01-16 01:29:50.756 [main]TestBase-user sends request with BaseURL
[INFO ]2023-01-16 01:29:50.757 [main]TestBase-DELETE request with endpoint:https://lms-backend-service.herokuapp.com/lms/deletebyprogname/Jan23-NinjaSpark-7297003791
[INFO ]2023-01-16 01:31:41.177 [main]TestBase-user sends request with BaseURL
[INFO ]2023-01-16 01:31:43.467 [main]TestBase-User sends request with endpoint/allPrograms
[INFO ]2023-01-16 01:31:44.233 [main]TestBase-Get validation code of GetAllProgram: 200
[INFO ]2023-01-16 01:31:44.239 [main]TestBase-user sends request with BaseURL
[INFO ]2023-01-16 01:31:44.241 [main]TestBase-POST request with endpointhttps://lms-backend-service.herokuapp.com/lms/saveprogram
[INFO ]2023-01-16 01:31:47.171 [main]TestBase-All required details send  
[INFO ]2023-01-16 01:31:47.181 [main]TestBase-Created: 201
[INFO ]2023-01-16 01:31:47.196 [main]TestBase-user sends request with BaseURL
[INFO ]2023-01-16 01:31:47.199 [main]TestBase-POST request with endpointhttps://lms-backend-service.herokuapp.com/lms/saveprogram
[INFO ]2023-01-16 01:31:48.197 [main]TestBase-All required details send  
[INFO ]2023-01-16 01:31:48.213 [main]TestBase-Created: 201
[INFO ]2023-01-16 01:31:48.232 [main]TestBase-user sends request with BaseURL
[INFO ]2023-01-16 01:31:48.233 [main]TestBase-DELETE request with endpoint:https://lms-backend-service.herokuapp.com/lms/deletebyprogid/5332
[INFO ]2023-01-16 01:31:49.135 [main]TestBase-DELETE Request successful: 200
[INFO ]2023-01-16 01:31:49.138 [main]TestBase-user sends request with BaseURL
[INFO ]2023-01-16 01:31:49.138 [main]TestBase-DELETE request with endpoint:https://lms-backend-service.herokuapp.com/lms/deletebyprogname/Jan23-NinjaSpark-5870935101
[ERROR]2023-01-16 01:31:49.641 [main]TestBase-DELETE Request not successful: 400
[INFO ]2023-01-16 01:37:37.762 [main]TestBase-user sends request with BaseURL
[INFO ]2023-01-16 01:37:41.013 [main]TestBase-User sends request with endpoint/allPrograms
[INFO ]2023-01-16 01:37:41.814 [main]TestBase-Get validation code of GetAllProgram: 200
[INFO ]2023-01-16 01:37:41.821 [main]TestBase-user sends request with BaseURL
[INFO ]2023-01-16 01:37:41.822 [main]TestBase-POST request with endpointhttps://lms-backend-service.herokuapp.com/lms/saveprogram
[INFO ]2023-01-16 01:37:43.733 [main]TestBase-All required details send  
[INFO ]2023-01-16 01:37:43.736 [main]TestBase-Created: 201
[INFO ]2023-01-16 01:37:43.743 [main]TestBase-user sends request with BaseURL
[INFO ]2023-01-16 01:37:43.744 [main]TestBase-POST request with endpointhttps://lms-backend-service.herokuapp.com/lms/saveprogram
[INFO ]2023-01-16 01:37:43.993 [main]TestBase-All required details send  
[INFO ]2023-01-16 01:37:43.994 [main]TestBase-Created: 201
[INFO ]2023-01-16 01:37:44.004 [main]TestBase-user sends request with BaseURL
[INFO ]2023-01-16 01:37:44.006 [main]TestBase-DELETE request with endpoint:https://lms-backend-service.herokuapp.com/lms/deletebyprogid/5348
[INFO ]2023-01-16 01:37:44.187 [main]TestBase-DELETE Request successful: 200
[INFO ]2023-01-16 01:37:44.192 [main]TestBase-user sends request with BaseURL
[INFO ]2023-01-16 01:37:44.192 [main]TestBase-DELETE request with endpoint:https://lms-backend-service.herokuapp.com/lms/deletebyprogname/Jan23-NinjaSpark-6489425012
[INFO ]2023-01-16 01:37:44.341 [main]TestBase-DELETE Request successful: 200
[INFO ]2023-01-16 01:46:53.662 [main]TestBase-user sends request with BaseURL
[INFO ]2023-01-16 01:46:55.987 [main]TestBase-User sends request with endpoint/allPrograms
[INFO ]2023-01-16 01:46:57.232 [main]TestBase-Get validation code of GetAllProgram: 200
[INFO ]2023-01-16 01:46:57.256 [main]TestBase-user sends request with BaseURL
[INFO ]2023-01-16 01:46:57.581 [main]TestBase-User sends request with endpoint/allProgram
[INFO ]2023-01-16 01:46:57.582 [main]TestBase-Resend the Same Request again
[ERROR]2023-01-16 01:46:57.582 [main]TestBase-Not Found: 404
[INFO ]2023-01-16 01:46:57.587 [main]TestBase-user sends request with BaseURL
[INFO ]2023-01-16 01:46:57.587 [main]TestBase-POST request with endpointhttps://lms-backend-service.herokuapp.com/lms/saveprogram
[INFO ]2023-01-16 01:46:59.780 [main]TestBase-All required details send  
[INFO ]2023-01-16 01:46:59.781 [main]TestBase-Created: 201
[INFO ]2023-01-16 01:46:59.797 [main]TestBase-user sends request with BaseURL
[INFO ]2023-01-16 01:46:59.807 [main]TestBase-POST request with endpointhttps://lms-backend-service.herokuapp.com/lms/saveprogram
[INFO ]2023-01-16 01:47:02.172 [main]TestBase-All required details send  
[INFO ]2023-01-16 01:47:02.173 [main]TestBase-Created: 201
[INFO ]2023-01-16 01:47:02.182 [main]TestBase-user sends request with BaseURL
[INFO ]2023-01-16 01:47:02.183 [main]TestBase-Resend POST request: https://lms-backend-service.herokuapp.com/lms/saveprogram
[INFO ]2023-01-16 01:47:02.262 [main]TestBase-POST same data Using Excel  
[WARN ]2023-01-16 01:47:03.379 [main]TestBase-Duplicate Entry: 400
[INFO ]2023-01-16 01:47:03.384 [main]TestBase-user sends request with BaseURL
[INFO ]2023-01-16 01:47:03.879 [main]TestBase-GET request with endpoint: https://lms-backend-service.herokuapp.com/lms/programs/5378
[INFO ]2023-01-16 01:47:03.880 [main]TestBase-Get programbyId StatusCode: 200
[INFO ]2023-01-16 01:47:03.886 [main]TestBase-user sends request with BaseURL
[INFO ]2023-01-16 01:47:04.054 [main]TestBase-GET request with endpoint: https://lms-backend-service.herokuapp.com/lms/programs/Jan23-NinjaSpark-7924402832
[ERROR]2023-01-16 01:47:04.054 [main]TestBase-Get programbyId StatusCode: 400
[INFO ]2023-01-16 01:47:04.083 [main]TestBase-user sends request with BaseURL
[INFO ]2023-01-16 01:47:04.087 [main]TestBase-user sends request with BaseURL
[INFO ]2023-01-16 01:47:04.088 [main]TestBase-DELETE request with endpoint:https://lms-backend-service.herokuapp.com/lms/deletebyprogid/5378
[INFO ]2023-01-16 01:47:04.301 [main]TestBase-DELETE Request successful: 200
[INFO ]2023-01-16 01:47:04.305 [main]TestBase-user sends request with BaseURL
[INFO ]2023-01-16 01:47:04.305 [main]TestBase-DELETE request with endpoint:https://lms-backend-service.herokuapp.com/lms/deletebyprogname/Jan23-NinjaSpark-1212003796
[INFO ]2023-01-16 01:47:04.512 [main]TestBase-DELETE Request successful: 200
[INFO ]2023-01-16 01:49:46.005 [main]TestBase-user sends request with BaseURL
[INFO ]2023-01-16 01:49:48.597 [main]TestBase-User sends request with endpoint/allPrograms
[INFO ]2023-01-16 01:49:49.304 [main]TestBase-Get validation code of GetAllProgram: 200
[INFO ]2023-01-16 01:49:49.318 [main]TestBase-user sends request with BaseURL
[INFO ]2023-01-16 01:49:50.285 [main]TestBase-User sends request with endpoint/allProgram
[INFO ]2023-01-16 01:49:50.286 [main]TestBase-Resend the Same Request again
[ERROR]2023-01-16 01:49:50.286 [main]TestBase-Not Found: 404
[INFO ]2023-01-16 01:49:50.295 [main]TestBase-user sends request with BaseURL
[INFO ]2023-01-16 01:49:50.295 [main]TestBase-POST request with endpointhttps://lms-backend-service.herokuapp.com/lms/saveprogram
[INFO ]2023-01-16 01:49:51.476 [main]TestBase-All required details send  
[INFO ]2023-01-16 01:49:51.477 [main]TestBase-Created: 201
[INFO ]2023-01-16 01:49:51.486 [main]TestBase-user sends request with BaseURL
[INFO ]2023-01-16 01:49:51.487 [main]TestBase-POST request with endpointhttps://lms-backend-service.herokuapp.com/lms/saveprogram
[INFO ]2023-01-16 01:49:51.717 [main]TestBase-All required details send  
[INFO ]2023-01-16 01:49:51.719 [main]TestBase-Created: 201
[INFO ]2023-01-16 01:49:51.729 [main]TestBase-user sends request with BaseURL
[INFO ]2023-01-16 01:49:51.730 [main]TestBase-Resend POST request: https://lms-backend-service.herokuapp.com/lms/saveprogram
[INFO ]2023-01-16 01:49:51.769 [main]TestBase-POST same data Using Excel  
[WARN ]2023-01-16 01:49:51.926 [main]TestBase-Duplicate Entry: 400
[INFO ]2023-01-16 01:49:51.934 [main]TestBase-user sends request with BaseURL
[INFO ]2023-01-16 01:49:52.093 [main]TestBase-GET request with endpoint: https://lms-backend-service.herokuapp.com/lms/programs/5400
[INFO ]2023-01-16 01:49:52.094 [main]TestBase-Get programbyId StatusCode: 200
[INFO ]2023-01-16 01:49:52.100 [main]TestBase-user sends request with BaseURL
[INFO ]2023-01-16 01:49:52.244 [main]TestBase-GET request with endpoint: https://lms-backend-service.herokuapp.com/lms/programs/Jan23-NinjaSpark-5861585640
[ERROR]2023-01-16 01:49:52.245 [main]TestBase-Get programbyId StatusCode: 400
[INFO ]2023-01-16 01:49:52.252 [main]TestBase-user sends request with BaseURL
[INFO ]2023-01-16 01:49:52.254 [main]TestBase-PUT request with endpoint: https://lms-backend-service.herokuapp.com/lms/putprogram/5400
[INFO ]2023-01-16 01:49:52.486 [main]TestBase-user sends request with BaseURL
[INFO ]2023-01-16 01:49:52.487 [main]TestBase-DELETE request with endpoint:https://lms-backend-service.herokuapp.com/lms/deletebyprogid/5400
[INFO ]2023-01-16 01:49:52.644 [main]TestBase-DELETE Request successful: 200
[INFO ]2023-01-16 01:49:52.651 [main]TestBase-user sends request with BaseURL
[INFO ]2023-01-16 01:49:52.654 [main]TestBase-DELETE request with endpoint:https://lms-backend-service.herokuapp.com/lms/deletebyprogname/Jan23-NinjaSpark-7830348088
[INFO ]2023-01-16 01:49:52.818 [main]TestBase-DELETE Request successful: 200
[INFO ]2023-01-16 01:50:26.339 [main]TestBase-user sends request with BaseURL
[INFO ]2023-01-16 01:50:30.168 [main]TestBase-User sends request with endpoint/allPrograms
[INFO ]2023-01-16 01:50:30.897 [main]TestBase-Get validation code of GetAllProgram: 200
[INFO ]2023-01-16 01:50:30.916 [main]TestBase-user sends request with BaseURL
[INFO ]2023-01-16 01:50:32.000 [main]TestBase-User sends request with endpoint/allProgram
[INFO ]2023-01-16 01:50:32.000 [main]TestBase-Resend the Same Request again
[ERROR]2023-01-16 01:50:32.001 [main]TestBase-Not Found: 404
[INFO ]2023-01-16 01:50:32.013 [main]TestBase-user sends request with BaseURL
[INFO ]2023-01-16 01:50:32.014 [main]TestBase-POST request with endpointhttps://lms-backend-service.herokuapp.com/lms/saveprogram
[INFO ]2023-01-16 01:50:34.245 [main]TestBase-All required details send  
[INFO ]2023-01-16 01:50:34.246 [main]TestBase-Created: 201
[INFO ]2023-01-16 01:50:34.262 [main]TestBase-user sends request with BaseURL
[INFO ]2023-01-16 01:50:34.262 [main]TestBase-POST request with endpointhttps://lms-backend-service.herokuapp.com/lms/saveprogram
[INFO ]2023-01-16 01:50:35.639 [main]TestBase-All required details send  
[INFO ]2023-01-16 01:50:35.641 [main]TestBase-Created: 201
[INFO ]2023-01-16 01:50:35.647 [main]TestBase-user sends request with BaseURL
[INFO ]2023-01-16 01:50:35.654 [main]TestBase-Resend POST request: https://lms-backend-service.herokuapp.com/lms/saveprogram
[INFO ]2023-01-16 01:50:35.701 [main]TestBase-POST same data Using Excel  
[WARN ]2023-01-16 01:50:36.416 [main]TestBase-Duplicate Entry: 400
[INFO ]2023-01-16 01:50:36.427 [main]TestBase-user sends request with BaseURL
[INFO ]2023-01-16 01:50:37.503 [main]TestBase-GET request with endpoint: https://lms-backend-service.herokuapp.com/lms/programs/5405
[INFO ]2023-01-16 01:50:37.506 [main]TestBase-Get programbyId StatusCode: 200
[INFO ]2023-01-16 01:50:37.513 [main]TestBase-user sends request with BaseURL
[INFO ]2023-01-16 01:50:38.632 [main]TestBase-GET request with endpoint: https://lms-backend-service.herokuapp.com/lms/programs/Jan23-NinjaSpark-6013809387
[ERROR]2023-01-16 01:50:38.633 [main]TestBase-Get programbyId StatusCode: 400
[INFO ]2023-01-16 01:50:38.636 [main]TestBase-user sends request with BaseURL
[INFO ]2023-01-16 01:50:38.636 [main]TestBase-PUT request with endpoint: https://lms-backend-service.herokuapp.com/lms/putprogram/5405
[INFO ]2023-01-16 01:50:39.793 [main]TestBase-Updated sucessfully: 200
[INFO ]2023-01-16 01:50:39.797 [main]TestBase-user sends request with BaseURL
[INFO ]2023-01-16 01:50:39.797 [main]TestBase-DELETE request with endpoint:https://lms-backend-service.herokuapp.com/lms/deletebyprogid/5405
[INFO ]2023-01-16 01:50:40.596 [main]TestBase-DELETE Request successful: 200
[INFO ]2023-01-16 01:50:40.600 [main]TestBase-user sends request with BaseURL
[INFO ]2023-01-16 01:50:40.600 [main]TestBase-DELETE request with endpoint:https://lms-backend-service.herokuapp.com/lms/deletebyprogname/Jan23-NinjaSpark-2917227215
[INFO ]2023-01-16 01:50:41.433 [main]TestBase-DELETE Request successful: 200
